<?xml version="1.0" encoding="UTF-8"?>
<!-- Generated by org.testng.reporters.JUnitReportReporter -->
<testsuite skipped="0" hostname="Notebook37" name="Tests.Laboratorio3_E1" tests="1" failures="0" timestamp="2020-08-12T18:59:59 ART" time="6.180" errors="0">
  <testcase name="registroUsuario" time="6.180" classname="Tests.Laboratorio3_E1"/>
  <system-out/>
</testsuite> <!-- Tests.Laboratorio3_E1 -->
