<?xml version="1.0" encoding="UTF-8"?>
<!-- Generated by org.testng.reporters.JUnitReportReporter -->
<testsuite skipped="0" hostname="Notebook37" name="Tests.Laboratorio3_E2" tests="2" failures="0" timestamp="2020-08-12T21:16:31 ART" time="4.282" errors="0">
  <testcase name="irRegistroLogin" time="1.636" classname="Tests.Laboratorio3_E2"/>
  <system-out/>
  <testcase name="crearCuentaInvalida" time="2.646" classname="Tests.Laboratorio3_E2"/>
  <system-out/>
</testsuite> <!-- Tests.Laboratorio3_E2 -->
